<?xml version="1.0" encoding="UTF-8"?>
<testng-results skipped="0" failed="0" ignored="0" total="2" passed="2">
  <reporter-output>
    <line>
      <![CDATA[CreateCustomer]]>
    </line>
    <line>
      <![CDATA[CreateCustomerwithDescription]]>
    </line>
  </reporter-output>
  <suite name="Suite" duration-ms="195" started-at="2020-07-03T04:10:29Z" finished-at="2020-07-03T04:10:29Z">
    <groups>
    </groups>
    <test name="Test" duration-ms="195" started-at="2020-07-03T04:10:29Z" finished-at="2020-07-03T04:10:29Z">
      <class name="com.actitime.test.CreateCustomer">
        <test-method status="PASS" signature="testCreateCustomer()[pri:0, instance:com.actitime.test.CreateCustomer@29ee9faa]" name="testCreateCustomer" duration-ms="50" started-at="2020-07-03T04:10:29Z" finished-at="2020-07-03T04:10:29Z">
          <reporter-output>
            <line>
              <![CDATA[CreateCustomer]]>
            </line>
          </reporter-output>
        </test-method> <!-- testCreateCustomer -->
        <test-method status="PASS" signature="testCreateCustomer2()[pri:0, instance:com.actitime.test.CreateCustomer@29ee9faa]" name="testCreateCustomer2" duration-ms="8" started-at="2020-07-03T04:10:29Z" finished-at="2020-07-03T04:10:29Z">
          <reporter-output>
            <line>
              <![CDATA[CreateCustomerwithDescription]]>
            </line>
          </reporter-output>
        </test-method> <!-- testCreateCustomer2 -->
      </class> <!-- com.actitime.test.CreateCustomer -->
    </test> <!-- Test -->
  </suite> <!-- Suite -->
</testng-results>
